2026-02-05 12:03:22,212 - kedro.framework.project - INFO - Using 'conf/logging.yml' as logging configuration. You can change this by setting the KEDRO_LOGGING_CONFIG environment variable accordingly.
2026-02-05 12:03:22,610 - kedro_telemetry.plugin - INFO - Kedro is sending anonymous usage data with the sole purpose of improving the product. No personal data or IP addresses are stored on our side. To opt out, set the `KEDRO_DISABLE_TELEMETRY` or `DO_NOT_TRACK` environment variables, or create a `.telemetry` file in the current working directory with the contents `consent: false`. To hide this message, explicitly grant or deny consent. Read more at https://docs.kedro.org/en/stable/about/telemetry/
2026-02-05 12:10:20,615 - kedro.framework.project - INFO - Using 'conf/logging.yml' as logging configuration. You can change this by setting the KEDRO_LOGGING_CONFIG environment variable accordingly.
2026-02-05 12:10:20,985 - kedro.framework.session.session - INFO - Kedro project audiogram_mlops
2026-02-05 12:10:20,987 - kedro.framework.session.session - WARNING - `pipeline_name` is deprecated and will be removed in a future release. Please use `pipeline_names` instead.
2026-02-05 12:10:21,841 - kedro_telemetry.plugin - INFO - Kedro is sending anonymous usage data with the sole purpose of improving the product. No personal data or IP addresses are stored on our side. To opt out, set the `KEDRO_DISABLE_TELEMETRY` or `DO_NOT_TRACK` environment variables, or create a `.telemetry` file in the current working directory with the contents `consent: false`. To hide this message, explicitly grant or deny consent. Read more at https://docs.kedro.org/en/stable/about/telemetry/
2026-02-05 12:13:09,232 - kedro.framework.project - INFO - Using 'conf/logging.yml' as logging configuration. You can change this by setting the KEDRO_LOGGING_CONFIG environment variable accordingly.
2026-02-05 12:13:09,614 - kedro.framework.session.session - INFO - Kedro project audiogram_mlops
2026-02-05 12:13:09,616 - kedro.framework.session.session - WARNING - `pipeline_name` is deprecated and will be removed in a future release. Please use `pipeline_names` instead.
2026-02-05 12:13:10,372 - kedro_telemetry.plugin - INFO - Kedro is sending anonymous usage data with the sole purpose of improving the product. No personal data or IP addresses are stored on our side. To opt out, set the `KEDRO_DISABLE_TELEMETRY` or `DO_NOT_TRACK` environment variables, or create a `.telemetry` file in the current working directory with the contents `consent: false`. To hide this message, explicitly grant or deny consent. Read more at https://docs.kedro.org/en/stable/about/telemetry/
2026-02-05 12:13:52,830 - kedro.framework.project - INFO - Using 'conf/logging.yml' as logging configuration. You can change this by setting the KEDRO_LOGGING_CONFIG environment variable accordingly.
2026-02-05 12:13:53,092 - kedro.framework.session.session - INFO - Kedro project audiogram_mlops
2026-02-05 12:13:53,094 - kedro.framework.session.session - WARNING - `pipeline_name` is deprecated and will be removed in a future release. Please use `pipeline_names` instead.
2026-02-05 12:13:53,483 - kedro_telemetry.plugin - INFO - Kedro is sending anonymous usage data with the sole purpose of improving the product. No personal data or IP addresses are stored on our side. To opt out, set the `KEDRO_DISABLE_TELEMETRY` or `DO_NOT_TRACK` environment variables, or create a `.telemetry` file in the current working directory with the contents `consent: false`. To hide this message, explicitly grant or deny consent. Read more at https://docs.kedro.org/en/stable/about/telemetry/
2026-02-05 12:15:01,166 - kedro.framework.project - INFO - Using 'conf/logging.yml' as logging configuration. You can change this by setting the KEDRO_LOGGING_CONFIG environment variable accordingly.
2026-02-05 12:15:01,555 - kedro.framework.session.session - INFO - Kedro project audiogram_mlops
2026-02-05 12:15:01,557 - kedro.framework.session.session - WARNING - `pipeline_name` is deprecated and will be removed in a future release. Please use `pipeline_names` instead.
2026-02-05 12:15:02,344 - kedro_telemetry.plugin - INFO - Kedro is sending anonymous usage data with the sole purpose of improving the product. No personal data or IP addresses are stored on our side. To opt out, set the `KEDRO_DISABLE_TELEMETRY` or `DO_NOT_TRACK` environment variables, or create a `.telemetry` file in the current working directory with the contents `consent: false`. To hide this message, explicitly grant or deny consent. Read more at https://docs.kedro.org/en/stable/about/telemetry/
2026-02-05 12:17:07,946 - kedro.framework.project - INFO - Using 'conf/logging.yml' as logging configuration. You can change this by setting the KEDRO_LOGGING_CONFIG environment variable accordingly.
2026-02-05 12:17:08,376 - kedro.framework.session.session - INFO - Kedro project audiogram_mlops
2026-02-05 12:17:08,378 - kedro.framework.session.session - WARNING - `pipeline_name` is deprecated and will be removed in a future release. Please use `pipeline_names` instead.
2026-02-05 12:17:09,139 - kedro_telemetry.plugin - INFO - Kedro is sending anonymous usage data with the sole purpose of improving the product. No personal data or IP addresses are stored on our side. To opt out, set the `KEDRO_DISABLE_TELEMETRY` or `DO_NOT_TRACK` environment variables, or create a `.telemetry` file in the current working directory with the contents `consent: false`. To hide this message, explicitly grant or deny consent. Read more at https://docs.kedro.org/en/stable/about/telemetry/
2026-02-05 12:19:40,803 - kedro.framework.project - INFO - Using 'conf/logging.yml' as logging configuration. You can change this by setting the KEDRO_LOGGING_CONFIG environment variable accordingly.
2026-02-05 12:19:41,179 - kedro.framework.session.session - INFO - Kedro project audiogram_mlops
2026-02-05 12:19:41,180 - kedro.framework.session.session - WARNING - `pipeline_name` is deprecated and will be removed in a future release. Please use `pipeline_names` instead.
2026-02-05 12:19:41,952 - kedro_telemetry.plugin - INFO - Kedro is sending anonymous usage data with the sole purpose of improving the product. No personal data or IP addresses are stored on our side. To opt out, set the `KEDRO_DISABLE_TELEMETRY` or `DO_NOT_TRACK` environment variables, or create a `.telemetry` file in the current working directory with the contents `consent: false`. To hide this message, explicitly grant or deny consent. Read more at https://docs.kedro.org/en/stable/about/telemetry/
2026-02-05 12:20:23,941 - kedro.framework.project - INFO - Using 'conf/logging.yml' as logging configuration. You can change this by setting the KEDRO_LOGGING_CONFIG environment variable accordingly.
2026-02-05 12:20:24,203 - kedro.framework.session.session - INFO - Kedro project audiogram_mlops
2026-02-05 12:20:24,204 - kedro.framework.session.session - WARNING - `pipeline_name` is deprecated and will be removed in a future release. Please use `pipeline_names` instead.
2026-02-05 12:20:24,604 - kedro_telemetry.plugin - INFO - Kedro is sending anonymous usage data with the sole purpose of improving the product. No personal data or IP addresses are stored on our side. To opt out, set the `KEDRO_DISABLE_TELEMETRY` or `DO_NOT_TRACK` environment variables, or create a `.telemetry` file in the current working directory with the contents `consent: false`. To hide this message, explicitly grant or deny consent. Read more at https://docs.kedro.org/en/stable/about/telemetry/
2026-02-05 12:20:25,049 - kedro.runner.sequential_runner - INFO - Using synchronous mode for loading and saving data. Use the --async flag for potential performance gains. https://docs.kedro.org/en/stable/build/run_a_pipeline/#load-and-save-asynchronously
2026-02-05 12:20:25,051 - kedro.io.data_catalog - INFO - Loading data from [dark_orange]tonal_exams_raw[/dark_orange] (CSVDataset)...
2026-02-05 12:20:25,080 - kedro.pipeline.node - INFO - Running node: clean_tonal_exams_node: clean_tonal_exams([tonal_exams_raw]) -> [tonal_exams_clean]
2026-02-05 12:20:25,151 - kedro.io.data_catalog - INFO - Saving data to [dark_orange]tonal_exams_clean[/dark_orange] (ParquetDataset)...
2026-02-05 12:20:25,211 - kedro.runner.sequential_runner - INFO - Completed node: clean_tonal_exams_node
2026-02-05 12:20:25,213 - kedro.runner.sequential_runner - INFO - Completed 1 out of 1 tasks
2026-02-05 12:20:25,214 - kedro.runner.sequential_runner - INFO - Pipeline execution completed successfully in 0.2 sec.
2026-02-05 12:24:09,067 - kedro.framework.project - INFO - Using 'conf/logging.yml' as logging configuration. You can change this by setting the KEDRO_LOGGING_CONFIG environment variable accordingly.
2026-02-05 12:24:09,471 - kedro_telemetry.plugin - INFO - Kedro is sending anonymous usage data with the sole purpose of improving the product. No personal data or IP addresses are stored on our side. To opt out, set the `KEDRO_DISABLE_TELEMETRY` or `DO_NOT_TRACK` environment variables, or create a `.telemetry` file in the current working directory with the contents `consent: false`. To hide this message, explicitly grant or deny consent. Read more at https://docs.kedro.org/en/stable/about/telemetry/
2026-02-05 12:27:14,426 - kedro.framework.project - INFO - Using 'conf/logging.yml' as logging configuration. You can change this by setting the KEDRO_LOGGING_CONFIG environment variable accordingly.
2026-02-05 12:27:14,818 - kedro.framework.session.session - INFO - Kedro project audiogram_mlops
2026-02-05 12:27:14,820 - kedro.framework.session.session - WARNING - `pipeline_name` is deprecated and will be removed in a future release. Please use `pipeline_names` instead.
2026-02-05 12:27:16,643 - py.warnings - WARNING - /home/raslan/projects/kedro-audiogram-project/.venv/lib/python3.10/site-packages/kedro/io/core.py:545: UserWarning: Since kedro-datasets 2.0, 'Dataset' is spelled with a lowercase 's'. Got 'pickle.PickleDataSet'.
  warnings.warn(

2026-02-05 12:27:16,651 - kedro_telemetry.plugin - INFO - Kedro is sending anonymous usage data with the sole purpose of improving the product. No personal data or IP addresses are stored on our side. To opt out, set the `KEDRO_DISABLE_TELEMETRY` or `DO_NOT_TRACK` environment variables, or create a `.telemetry` file in the current working directory with the contents `consent: false`. To hide this message, explicitly grant or deny consent. Read more at https://docs.kedro.org/en/stable/about/telemetry/
2026-02-05 12:27:38,953 - kedro.framework.project - INFO - Using 'conf/logging.yml' as logging configuration. You can change this by setting the KEDRO_LOGGING_CONFIG environment variable accordingly.
2026-02-05 12:27:39,220 - kedro.framework.session.session - INFO - Kedro project audiogram_mlops
2026-02-05 12:27:39,222 - kedro.framework.session.session - WARNING - `pipeline_name` is deprecated and will be removed in a future release. Please use `pipeline_names` instead.
2026-02-05 12:27:40,166 - py.warnings - WARNING - /home/raslan/projects/kedro-audiogram-project/.venv/lib/python3.10/site-packages/kedro/io/core.py:545: UserWarning: Since kedro-datasets 2.0, 'Dataset' is spelled with a lowercase 's'. Got 'pickle.PickleDataSet'.
  warnings.warn(

2026-02-05 12:27:40,170 - kedro_telemetry.plugin - INFO - Kedro is sending anonymous usage data with the sole purpose of improving the product. No personal data or IP addresses are stored on our side. To opt out, set the `KEDRO_DISABLE_TELEMETRY` or `DO_NOT_TRACK` environment variables, or create a `.telemetry` file in the current working directory with the contents `consent: false`. To hide this message, explicitly grant or deny consent. Read more at https://docs.kedro.org/en/stable/about/telemetry/
2026-02-05 12:28:06,443 - kedro.framework.project - INFO - Using 'conf/logging.yml' as logging configuration. You can change this by setting the KEDRO_LOGGING_CONFIG environment variable accordingly.
2026-02-05 12:28:06,706 - kedro.framework.session.session - INFO - Kedro project audiogram_mlops
2026-02-05 12:28:06,708 - kedro.framework.session.session - WARNING - `pipeline_name` is deprecated and will be removed in a future release. Please use `pipeline_names` instead.
2026-02-05 12:28:07,624 - py.warnings - WARNING - /home/raslan/projects/kedro-audiogram-project/.venv/lib/python3.10/site-packages/kedro/io/core.py:545: UserWarning: Since kedro-datasets 2.0, 'Dataset' is spelled with a lowercase 's'. Got 'pickle.PickleDataSet'.
  warnings.warn(

2026-02-05 12:28:07,628 - kedro_telemetry.plugin - INFO - Kedro is sending anonymous usage data with the sole purpose of improving the product. No personal data or IP addresses are stored on our side. To opt out, set the `KEDRO_DISABLE_TELEMETRY` or `DO_NOT_TRACK` environment variables, or create a `.telemetry` file in the current working directory with the contents `consent: false`. To hide this message, explicitly grant or deny consent. Read more at https://docs.kedro.org/en/stable/about/telemetry/
2026-02-05 12:30:10,857 - kedro.framework.project - INFO - Using 'conf/logging.yml' as logging configuration. You can change this by setting the KEDRO_LOGGING_CONFIG environment variable accordingly.
2026-02-05 12:30:11,137 - kedro.framework.session.session - INFO - Kedro project audiogram_mlops
2026-02-05 12:30:11,139 - kedro.framework.session.session - WARNING - `pipeline_name` is deprecated and will be removed in a future release. Please use `pipeline_names` instead.
2026-02-05 12:30:12,062 - py.warnings - WARNING - /home/raslan/projects/kedro-audiogram-project/.venv/lib/python3.10/site-packages/kedro/io/core.py:545: UserWarning: Since kedro-datasets 2.0, 'Dataset' is spelled with a lowercase 's'. Got 'pickle.PickleDataSet'.
  warnings.warn(

2026-02-05 12:30:12,066 - kedro_telemetry.plugin - INFO - Kedro is sending anonymous usage data with the sole purpose of improving the product. No personal data or IP addresses are stored on our side. To opt out, set the `KEDRO_DISABLE_TELEMETRY` or `DO_NOT_TRACK` environment variables, or create a `.telemetry` file in the current working directory with the contents `consent: false`. To hide this message, explicitly grant or deny consent. Read more at https://docs.kedro.org/en/stable/about/telemetry/
2026-02-05 12:35:51,453 - kedro.framework.project - INFO - Using 'conf/logging.yml' as logging configuration. You can change this by setting the KEDRO_LOGGING_CONFIG environment variable accordingly.
2026-02-05 12:35:51,716 - kedro.framework.session.session - INFO - Kedro project audiogram_mlops
2026-02-05 12:35:51,717 - kedro.framework.session.session - WARNING - `pipeline_name` is deprecated and will be removed in a future release. Please use `pipeline_names` instead.
2026-02-05 12:35:52,631 - kedro_telemetry.plugin - INFO - Kedro is sending anonymous usage data with the sole purpose of improving the product. No personal data or IP addresses are stored on our side. To opt out, set the `KEDRO_DISABLE_TELEMETRY` or `DO_NOT_TRACK` environment variables, or create a `.telemetry` file in the current working directory with the contents `consent: false`. To hide this message, explicitly grant or deny consent. Read more at https://docs.kedro.org/en/stable/about/telemetry/
2026-02-05 12:35:53,115 - kedro.runner.sequential_runner - INFO - Using synchronous mode for loading and saving data. Use the --async flag for potential performance gains. https://docs.kedro.org/en/stable/build/run_a_pipeline/#load-and-save-asynchronously
2026-02-05 12:35:53,117 - kedro.io.data_catalog - INFO - Loading data from [dark_orange]tonal_exams_clean[/dark_orange] (ParquetDataset)...
2026-02-05 12:35:53,237 - kedro.pipeline.node - INFO - Running node: make_train_test_node: make_train_test([tonal_exams_clean]) -> [X_train;X_test;y_train;y_test]
2026-02-05 12:35:53,291 - kedro.io.data_catalog - INFO - Saving data to [dark_orange]X_train[/dark_orange] (PickleDataset)...
2026-02-05 12:35:53,294 - kedro.io.data_catalog - INFO - Saving data to [dark_orange]X_test[/dark_orange] (PickleDataset)...
2026-02-05 12:35:53,296 - kedro.io.data_catalog - INFO - Saving data to [dark_orange]y_train[/dark_orange] (PickleDataset)...
2026-02-05 12:35:53,298 - kedro.io.data_catalog - INFO - Saving data to [dark_orange]y_test[/dark_orange] (PickleDataset)...
2026-02-05 12:35:53,300 - kedro.runner.sequential_runner - INFO - Completed node: make_train_test_node
2026-02-05 12:35:53,302 - kedro.runner.sequential_runner - INFO - Completed 1 out of 1 tasks
2026-02-05 12:35:53,303 - kedro.runner.sequential_runner - INFO - Pipeline execution completed successfully in 0.2 sec.
